[    9553ms] [WARNING] Failed to execute 'postMessage' on 'DOMWindow': The target origin provided ('https://www.youtube.com') does not match the recipient window's origin ('https://www.google.com'). @ https://www.youtube.com/s/player/041232d8/www-widgetapi.vflset/www-widgetapi.js:209
[   15813ms] [VERBOSE] [DOM] Input elements should have autocomplete attributes (suggested: "username"): (More info: https://goo.gl/9p2vKq) %o @ https://2captcha.com/auth/login:0
[   16105ms] [WARNING] An iframe which has both allow-scripts and allow-same-origin for its sandbox attribute can escape its sandboxing. @ https://2captcha.com/captcha/static.xcaptcha.com/js/api.js?t=1776141349736:55
[   16340ms] [WARNING] An iframe which has both allow-scripts and allow-same-origin for its sandbox attribute can escape its sandboxing. @ https://2captcha.com/captcha/static.xcaptcha.com/js/api.js?t=1776141349739:55
[   16461ms] [LOG] origin https://www.google.com @ https://2captcha.com/captcha/static.xcaptcha.com/js/api.js?t=1776141349736:305
[   16461ms] [LOG] origin https://www.google.com @ https://2captcha.com/captcha/static.xcaptcha.com/js/api.js?t=1776141349739:305
[   16750ms] [WARNING] An iframe which has both allow-scripts and allow-same-origin for its sandbox attribute can escape its sandboxing. @ https://2captcha.com/captcha/static.xcaptcha.com/?lang=en&orig_lang=en&reserve=2captcha.com/captcha/:0
[   17894ms] [WARNING] No available adapters. @ https://2captcha.com/captcha/static.xcaptcha.com/?lang=en&orig_lang=en&reserve=2captcha.com/captcha/:0
[   18417ms] [LOG] parent check @ https://2captcha.com/captcha/static.xcaptcha.com/js/api.js?t=1776141349739:79
[   18949ms] [WARNING] An iframe which has both allow-scripts and allow-same-origin for its sandbox attribute can escape its sandboxing. @ https://2captcha.com/captcha/api.xcaptcha.com/captcha/88cd55f6a243091cad8cd9c45985a4c7/?lang=en&orig_lang=en&client_id=&init=2.1&hash=undefined&r=-493%2C177%3A-963%2C670%3A9&reserve=2captcha.com%2Fcaptcha%2F:0
[   19310ms] [LOG] origin https://2captcha.com @ https://2captcha.com/captcha/static.xcaptcha.com/js/api.js?t=1776141349736:305
[   19310ms] [LOG] origin https://2captcha.com @ https://2captcha.com/captcha/static.xcaptcha.com/js/api.js?t=1776141349739:305
[   19310ms] [LOG] origin https://2captcha.com @ https://2captcha.com/captcha/static.xcaptcha.com/js/api.js?t=1776141349736:305
[   19310ms] [LOG] origin https://2captcha.com @ https://2captcha.com/captcha/static.xcaptcha.com/js/api.js?t=1776141349739:305
[   19310ms] [LOG] origin https://2captcha.com @ https://2captcha.com/captcha/static.xcaptcha.com/js/api.js?t=1776141349736:305
[   19310ms] [LOG] origin https://2captcha.com @ https://2captcha.com/captcha/static.xcaptcha.com/js/api.js?t=1776141349739:305
[   19407ms] [LOG] 100 @ https://2captcha.com/captcha/static.xcaptcha.com/js/app.js?0.5:0
[   20293ms] [LOG] origin https://2captcha.com @ https://2captcha.com/captcha/static.xcaptcha.com/js/api.js?t=1776141349736:305
[   20294ms] [LOG] origin https://2captcha.com @ https://2captcha.com/captcha/static.xcaptcha.com/js/api.js?t=1776141349739:305
[   20295ms] [LOG] origin https://2captcha.com @ https://2captcha.com/captcha/static.xcaptcha.com/js/api.js?t=1776141349736:305
[   20295ms] [LOG] origin https://2captcha.com @ https://2captcha.com/captcha/static.xcaptcha.com/js/api.js?t=1776141349739:305
[   20295ms] [LOG] origin https://2captcha.com @ https://2captcha.com/captcha/static.xcaptcha.com/js/api.js?t=1776141349736:305
[   20296ms] [LOG] origin https://2captcha.com @ https://2captcha.com/captcha/static.xcaptcha.com/js/api.js?t=1776141349739:305
[   42215ms] [LOG] origin https://2captcha.com @ https://2captcha.com/captcha/static.xcaptcha.com/js/api.js?t=1776141349736:305
[   42215ms] [LOG] origin https://2captcha.com @ https://2captcha.com/captcha/static.xcaptcha.com/js/api.js?t=1776141349739:305
[   42216ms] [LOG] origin https://2captcha.com @ https://2captcha.com/captcha/static.xcaptcha.com/js/api.js?t=1776141349736:305
[   42216ms] [LOG] origin https://2captcha.com @ https://2captcha.com/captcha/static.xcaptcha.com/js/api.js?t=1776141349739:305
[   43364ms] [LOG] %c%s color: red; background: yellow; font-size: 24px; WARNING! @ https://www.gstatic.com/_/mss/boq-identity/_/js/k=boq-identity.AccountsSignInUi.en.x3DljreikNs.es5.O/am=Kf8GAABCEUgG0P__HzYAIACCaOB6FoAmEBkAAAAAAAAAALBCAAAaAQ/d=1/excm=_b,_tp,accountchooserview/ed=1/dg=0/wt=2/ujg=1/rs=AOaEmlFSuqayFEH545oEh9B9vgf3fla_yw/dti=1/m=_b,_tp:468
[   43364ms] [LOG] %c%s font-size: 18px; Using this console may allow attackers to impersonate you and steal your information using an attack called Self-XSS.
Do not enter or paste code that you do not understand. @ https://www.gstatic.com/_/mss/boq-identity/_/js/k=boq-identity.AccountsSignInUi.en.x3DljreikNs.es5.O/am=Kf8GAABCEUgG0P__HzYAIACCaOB6FoAmEBkAAAAAAAAAALBCAAAaAQ/d=1/excm=_b,_tp,accountchooserview/ed=1/dg=0/wt=2/ujg=1/rs=AOaEmlFSuqayFEH545oEh9B9vgf3fla_yw/dti=1/m=_b,_tp:468
[   46425ms] [LOG] %c%s color: red; background: yellow; font-size: 24px; WARNING! @ https://www.gstatic.com/_/mss/boq-identity/_/js/k=boq-identity.OAuthUi.en.xJKUV77bnzA.es5.O/am=nv8AAAABGED__z9sQBAN1jMABQIAAAAAAAAAwBAAIAI/d=1/excm=_b,_tp,attributesview/ed=1/dg=0/wt=2/ujg=1/rs=AOaEmlFpyj9VCil5ePAVcILa2K_SGQN_2g/dti=1/m=_b,_tp:425
[   46425ms] [LOG] %c%s font-size: 18px; Using this console may allow attackers to impersonate you and steal your information using an attack called Self-XSS.
Do not enter or paste code that you do not understand. @ https://www.gstatic.com/_/mss/boq-identity/_/js/k=boq-identity.OAuthUi.en.xJKUV77bnzA.es5.O/am=nv8AAAABGED__z9sQBAN1jMABQIAAAAAAAAAwBAAIAI/d=1/excm=_b,_tp,attributesview/ed=1/dg=0/wt=2/ujg=1/rs=AOaEmlFpyj9VCil5ePAVcILa2K_SGQN_2g/dti=1/m=_b,_tp:425
